########################################
#B#   #   #   #   #   #   #   #   #   K#
# # # # # # # # # # # # # # # # # # # ##
# #A#   #   #   #   #   #   #   #   #  #
#C#################################### #
#               #               #      #
# ######################### ### ###### #
# C       #                  #  #      #
####### ########### #######  # ## ######
#    #               #       #  #      #
# ########### ############# ### ###### #
#         #               #  #  #      #
######################### ## # ## ######
#   #       #     #     # #  #  #      #
# # ## ### ## ## ### ## # # ### ###### #
# #     #     #       #   #  #  #      #
# ############################ K# ######
#   #   #   #   #   #   #    #### #   K#
# #   #   #   #   #   #   #     C   #  #
########################################